<?xml version="1.0" encoding="UTF-8"?>
<!-- Generated by org.testng.reporters.JUnitXMLReporter -->
<testsuite hostname="LAPTOP-AUN764D1" ignored="0" name="Test" tests="1" failures="1" timestamp="2019-10-01T23:42:15 IST" time="34.304" errors="0">
  <testcase name="languageDependenceValidation" time="16.769" classname="BoardGameGeek.languageDependencePollTest">
    <failure type="java.lang.AssertionError" message="expected [Extensive use of text - massive conversion needed to be playable] but found [(no votes)]">
      <![CDATA[java.lang.AssertionError: expected [Extensive use of text - massive conversion needed to be playable] but found [(no votes)]
at Lib.webBased.languageDependenceValidation(webBased.java:68)
at BoardGameGeek.languageDependencePollTest.languageDependenceValidation(languageDependencePollTest.java:24)
at java.util.ArrayList.forEach(Unknown Source)
... Removed 32 stack frames]]>
    </failure>
  </testcase> <!-- languageDependenceValidation -->
</testsuite> <!-- Test -->
